<?xml version="1.0" encoding="UTF-8"?>
<coverage generated="1705891791570" clover="3.2.0">
  <project timestamp="1705891791570" name="All files">
    <metrics statements="24" coveredstatements="24" conditionals="6" coveredconditionals="6" methods="9" coveredmethods="9" elements="39" coveredelements="39" complexity="0" loc="24" ncloc="24" packages="1" files="3" classes="3"/>
    <file name="functions.js" path="/home/dave/Desktop/workspace/Sprint8/sprint-8-learning-jest/functions/functions.js">
      <metrics statements="4" coveredstatements="4" conditionals="2" coveredconditionals="2" methods="1" coveredmethods="1"/>
      <line num="2" count="2" type="cond" truecount="2" falsecount="0"/>
      <line num="3" count="1" type="stmt"/>
      <line num="4" count="1" type="stmt"/>
      <line num="7" count="1" type="stmt"/>
    </file>
    <file name="mathsFunctions.js" path="/home/dave/Desktop/workspace/Sprint8/sprint-8-learning-jest/functions/mathsFunctions.js">
      <metrics statements="9" coveredstatements="9" conditionals="0" coveredconditionals="0" methods="4" coveredmethods="4"/>
      <line num="8" count="1" type="stmt"/>
      <line num="9" count="1" type="stmt"/>
      <line num="17" count="2" type="stmt"/>
      <line num="18" count="2" type="stmt"/>
      <line num="26" count="2" type="stmt"/>
      <line num="27" count="2" type="stmt"/>
      <line num="35" count="1" type="stmt"/>
      <line num="36" count="1" type="stmt"/>
      <line num="39" count="1" type="stmt"/>
    </file>
    <file name="stringFunctions.js" path="/home/dave/Desktop/workspace/Sprint8/sprint-8-learning-jest/functions/stringFunctions.js">
      <metrics statements="11" coveredstatements="11" conditionals="4" coveredconditionals="4" methods="4" coveredmethods="4"/>
      <line num="7" count="2" type="stmt"/>
      <line num="8" count="1" type="stmt"/>
      <line num="15" count="2" type="stmt"/>
      <line num="16" count="2" type="stmt"/>
      <line num="23" count="3" type="stmt"/>
      <line num="24" count="3" type="cond" truecount="2" falsecount="0"/>
      <line num="25" count="3" type="cond" truecount="2" falsecount="0"/>
      <line num="33" count="4" type="stmt"/>
      <line num="34" count="4" type="stmt"/>
      <line num="35" count="4" type="stmt"/>
      <line num="38" count="1" type="stmt"/>
    </file>
  </project>
</coverage>
