<?xml version="1.0" encoding="UTF-8"?>
<coverage generated="1692134064302" clover="3.2.0">
  <project timestamp="1692134064302" name="All files">
    <metrics statements="21" coveredstatements="20" conditionals="4" coveredconditionals="2" methods="9" coveredmethods="9" elements="34" coveredelements="31" complexity="0" loc="21" ncloc="21" packages="1" files="3" classes="3"/>
    <file name="functions.js" path="/Users/roopa/Desktop/workspace/sprint-8-learning-jest/functions/functions.js">
      <metrics statements="4" coveredstatements="3" conditionals="2" coveredconditionals="1" methods="1" coveredmethods="1"/>
      <line num="2" count="1" type="cond" truecount="1" falsecount="1"/>
      <line num="3" count="1" type="stmt"/>
      <line num="4" count="0" type="stmt"/>
      <line num="7" count="1" type="stmt"/>
    </file>
    <file name="mathsFunctions.js" path="/Users/roopa/Desktop/workspace/sprint-8-learning-jest/functions/mathsFunctions.js">
      <metrics statements="5" coveredstatements="5" conditionals="0" coveredconditionals="0" methods="4" coveredmethods="4"/>
      <line num="6" count="1" type="stmt"/>
      <line num="12" count="1" type="stmt"/>
      <line num="17" count="1" type="stmt"/>
      <line num="22" count="1" type="stmt"/>
      <line num="24" count="1" type="stmt"/>
    </file>
    <file name="stringFunctions.js" path="/Users/roopa/Desktop/workspace/sprint-8-learning-jest/functions/stringFunctions.js">
      <metrics statements="12" coveredstatements="12" conditionals="2" coveredconditionals="1" methods="4" coveredmethods="4"/>
      <line num="6" count="1" type="stmt"/>
      <line num="11" count="1" type="stmt"/>
      <line num="16" count="1" type="stmt"/>
      <line num="17" count="1" type="stmt"/>
      <line num="19" count="1" type="stmt"/>
      <line num="20" count="5" type="cond" truecount="1" falsecount="1"/>
      <line num="21" count="5" type="stmt"/>
      <line num="25" count="1" type="stmt"/>
      <line num="30" count="1" type="stmt"/>
      <line num="31" count="1" type="stmt"/>
      <line num="33" count="1" type="stmt"/>
      <line num="35" count="1" type="stmt"/>
    </file>
  </project>
</coverage>
