{"/Users/roopa/Desktop/workspace/sprint-8-learning-jest/functions/functions.js": {"path":"/Users/roopa/Desktop/workspace/sprint-8-learning-jest/functions/functions.js","statementMap":{"0":{"start":{"line":2,"column":4},"end":{"line":4,"column":56}},"1":{"start":{"line":3,"column":4},"end":{"line":3,"column":31}},"2":{"start":{"line":4,"column":9},"end":{"line":4,"column":56}},"3":{"start":{"line":7,"column":2},"end":{"line":7,"column":47}}},"fnMap":{"0":{"name":"onlyReturnWhenSumIsFive","decl":{"start":{"line":1,"column":9},"end":{"line":1,"column":32}},"loc":{"start":{"line":1,"column":45},"end":{"line":5,"column":3}},"line":1}},"branchMap":{"0":{"loc":{"start":{"line":2,"column":4},"end":{"line":4,"column":56}},"type":"if","locations":[{"start":{"line":2,"column":4},"end":{"line":4,"column":56}},{"start":{"line":4,"column":9},"end":{"line":4,"column":56}}],"line":2}},"s":{"0":1,"1":1,"2":0,"3":1},"f":{"0":1},"b":{"0":[1,0]},"_coverageSchema":"1a1c01bbd47fc00a2c39e90264f33305004495a9","hash":"3f7e7e373b8a5374890afab18dd50832332bffb3"}
,"/Users/roopa/Desktop/workspace/sprint-8-learning-jest/functions/mathsFunctions.js": {"path":"/Users/roopa/Desktop/workspace/sprint-8-learning-jest/functions/mathsFunctions.js","statementMap":{"0":{"start":{"line":6,"column":4},"end":{"line":6,"column":19}},"1":{"start":{"line":12,"column":4},"end":{"line":12,"column":16}},"2":{"start":{"line":17,"column":4},"end":{"line":17,"column":16}},"3":{"start":{"line":22,"column":4},"end":{"line":22,"column":16}},"4":{"start":{"line":24,"column":2},"end":{"line":24,"column":83}}},"fnMap":{"0":{"name":"addNumbers","decl":{"start":{"line":5,"column":9},"end":{"line":5,"column":19}},"loc":{"start":{"line":5,"column":26},"end":{"line":7,"column":3}},"line":5},"1":{"name":"subtractNumbers","decl":{"start":{"line":11,"column":11},"end":{"line":11,"column":26}},"loc":{"start":{"line":11,"column":33},"end":{"line":13,"column":3}},"line":11},"2":{"name":"multiplyNumbers","decl":{"start":{"line":16,"column":11},"end":{"line":16,"column":26}},"loc":{"start":{"line":16,"column":33},"end":{"line":18,"column":3}},"line":16},"3":{"name":"divideNumbers","decl":{"start":{"line":21,"column":11},"end":{"line":21,"column":24}},"loc":{"start":{"line":21,"column":31},"end":{"line":23,"column":3}},"line":21}},"branchMap":{},"s":{"0":1,"1":1,"2":1,"3":1,"4":1},"f":{"0":1,"1":1,"2":1,"3":1},"b":{},"_coverageSchema":"1a1c01bbd47fc00a2c39e90264f33305004495a9","hash":"746720e8a314b570d93853363865159a6406cc72"}
,"/Users/roopa/Desktop/workspace/sprint-8-learning-jest/functions/stringFunctions.js": {"path":"/Users/roopa/Desktop/workspace/sprint-8-learning-jest/functions/stringFunctions.js","statementMap":{"0":{"start":{"line":6,"column":4},"end":{"line":6,"column":29}},"1":{"start":{"line":11,"column":1},"end":{"line":11,"column":43}},"2":{"start":{"line":16,"column":16},"end":{"line":16,"column":28}},"3":{"start":{"line":17,"column":18},"end":{"line":17,"column":19}},"4":{"start":{"line":19,"column":1},"end":{"line":23,"column":2}},"5":{"start":{"line":20,"column":5},"end":{"line":22,"column":6}},"6":{"start":{"line":21,"column":9},"end":{"line":21,"column":22}},"7":{"start":{"line":25,"column":1},"end":{"line":25,"column":19}},"8":{"start":{"line":30,"column":23},"end":{"line":30,"column":66}},"9":{"start":{"line":31,"column":24},"end":{"line":31,"column":66}},"10":{"start":{"line":33,"column":1},"end":{"line":33,"column":41}},"11":{"start":{"line":35,"column":0},"end":{"line":35,"column":77}}},"fnMap":{"0":{"name":"capitalizeString","decl":{"start":{"line":5,"column":9},"end":{"line":5,"column":25}},"loc":{"start":{"line":5,"column":31},"end":{"line":7,"column":1}},"line":5},"1":{"name":"reverseString","decl":{"start":{"line":10,"column":9},"end":{"line":10,"column":22}},"loc":{"start":{"line":10,"column":28},"end":{"line":12,"column":1}},"line":10},"2":{"name":"countVowels","decl":{"start":{"line":15,"column":9},"end":{"line":15,"column":20}},"loc":{"start":{"line":15,"column":26},"end":{"line":26,"column":1}},"line":15},"3":{"name":"isPalindrome","decl":{"start":{"line":29,"column":9},"end":{"line":29,"column":21}},"loc":{"start":{"line":29,"column":27},"end":{"line":34,"column":1}},"line":29}},"branchMap":{"0":{"loc":{"start":{"line":20,"column":5},"end":{"line":22,"column":6}},"type":"if","locations":[{"start":{"line":20,"column":5},"end":{"line":22,"column":6}},{"start":{},"end":{}}],"line":20}},"s":{"0":1,"1":1,"2":1,"3":1,"4":1,"5":5,"6":5,"7":1,"8":1,"9":1,"10":1,"11":1},"f":{"0":1,"1":1,"2":1,"3":1},"b":{"0":[5,0]},"_coverageSchema":"1a1c01bbd47fc00a2c39e90264f33305004495a9","hash":"acd612aadb5e99665271b9db2512f5a9772cc712"}
}
