{"/Users/student8/workspace/sprint-8-learning-jest/functions/functions.js": {"path":"/Users/student8/workspace/sprint-8-learning-jest/functions/functions.js","statementMap":{"0":{"start":{"line":2,"column":4},"end":{"line":4,"column":56}},"1":{"start":{"line":3,"column":4},"end":{"line":3,"column":31}},"2":{"start":{"line":4,"column":9},"end":{"line":4,"column":56}},"3":{"start":{"line":7,"column":2},"end":{"line":7,"column":47}}},"fnMap":{"0":{"name":"onlyReturnWhenSumIsFive","decl":{"start":{"line":1,"column":9},"end":{"line":1,"column":32}},"loc":{"start":{"line":1,"column":45},"end":{"line":5,"column":3}},"line":1}},"branchMap":{"0":{"loc":{"start":{"line":2,"column":4},"end":{"line":4,"column":56}},"type":"if","locations":[{"start":{"line":2,"column":4},"end":{"line":4,"column":56}},{"start":{"line":4,"column":9},"end":{"line":4,"column":56}}],"line":2}},"s":{"0":1,"1":1,"2":0,"3":1},"f":{"0":1},"b":{"0":[1,0]},"_coverageSchema":"1a1c01bbd47fc00a2c39e90264f33305004495a9","hash":"665d78f85596379f963129f095196afd175ca223"}
,"/Users/student8/workspace/sprint-8-learning-jest/functions/mathsFunctions.js": {"path":"/Users/student8/workspace/sprint-8-learning-jest/functions/mathsFunctions.js","statementMap":{"0":{"start":{"line":10,"column":4},"end":{"line":10,"column":16}},"1":{"start":{"line":17,"column":4},"end":{"line":17,"column":16}},"2":{"start":{"line":24,"column":4},"end":{"line":24,"column":16}},"3":{"start":{"line":31,"column":4},"end":{"line":31,"column":16}},"4":{"start":{"line":34,"column":0},"end":{"line":34,"column":80}}},"fnMap":{"0":{"name":"addNumbers","decl":{"start":{"line":9,"column":9},"end":{"line":9,"column":19}},"loc":{"start":{"line":9,"column":26},"end":{"line":11,"column":1}},"line":9},"1":{"name":"subtractNumbers","decl":{"start":{"line":16,"column":9},"end":{"line":16,"column":24}},"loc":{"start":{"line":16,"column":31},"end":{"line":18,"column":1}},"line":16},"2":{"name":"multiplyNumbers","decl":{"start":{"line":23,"column":9},"end":{"line":23,"column":24}},"loc":{"start":{"line":23,"column":31},"end":{"line":25,"column":1}},"line":23},"3":{"name":"divideNumbers","decl":{"start":{"line":30,"column":9},"end":{"line":30,"column":22}},"loc":{"start":{"line":30,"column":29},"end":{"line":32,"column":1}},"line":30}},"branchMap":{},"s":{"0":1,"1":1,"2":1,"3":1,"4":1},"f":{"0":1,"1":1,"2":1,"3":1},"b":{},"_coverageSchema":"1a1c01bbd47fc00a2c39e90264f33305004495a9","hash":"20cfd856268ae1a1e7fccf447576a572223f7a94"}
,"/Users/student8/workspace/sprint-8-learning-jest/functions/stringFunctions.js": {"path":"/Users/student8/workspace/sprint-8-learning-jest/functions/stringFunctions.js","statementMap":{"0":{"start":{"line":7,"column":20},"end":{"line":7,"column":37}},"1":{"start":{"line":8,"column":4},"end":{"line":8,"column":20}},"2":{"start":{"line":15,"column":4},"end":{"line":15,"column":43}},"3":{"start":{"line":22,"column":19},"end":{"line":22,"column":31}},"4":{"start":{"line":23,"column":21},"end":{"line":23,"column":22}},"5":{"start":{"line":25,"column":4},"end":{"line":29,"column":5}},"6":{"start":{"line":26,"column":8},"end":{"line":28,"column":9}},"7":{"start":{"line":27,"column":12},"end":{"line":27,"column":25}},"8":{"start":{"line":31,"column":4},"end":{"line":31,"column":22}},"9":{"start":{"line":38,"column":26},"end":{"line":38,"column":69}},"10":{"start":{"line":39,"column":27},"end":{"line":39,"column":69}},"11":{"start":{"line":41,"column":4},"end":{"line":41,"column":44}},"12":{"start":{"line":44,"column":0},"end":{"line":44,"column":78}}},"fnMap":{"0":{"name":"capitalizeString","decl":{"start":{"line":6,"column":9},"end":{"line":6,"column":25}},"loc":{"start":{"line":6,"column":31},"end":{"line":9,"column":1}},"line":6},"1":{"name":"reverseString","decl":{"start":{"line":14,"column":9},"end":{"line":14,"column":22}},"loc":{"start":{"line":14,"column":28},"end":{"line":16,"column":1}},"line":14},"2":{"name":"countVowels","decl":{"start":{"line":21,"column":9},"end":{"line":21,"column":20}},"loc":{"start":{"line":21,"column":26},"end":{"line":32,"column":1}},"line":21},"3":{"name":"isPalindrome","decl":{"start":{"line":37,"column":9},"end":{"line":37,"column":21}},"loc":{"start":{"line":37,"column":27},"end":{"line":42,"column":1}},"line":37}},"branchMap":{"0":{"loc":{"start":{"line":26,"column":8},"end":{"line":28,"column":9}},"type":"if","locations":[{"start":{"line":26,"column":8},"end":{"line":28,"column":9}},{"start":{},"end":{}}],"line":26}},"s":{"0":1,"1":1,"2":1,"3":1,"4":1,"5":1,"6":6,"7":2,"8":1,"9":2,"10":2,"11":2,"12":1},"f":{"0":1,"1":1,"2":1,"3":2},"b":{"0":[2,4]},"_coverageSchema":"1a1c01bbd47fc00a2c39e90264f33305004495a9","hash":"252b61567868d0777206ad5174d4b5f39724493f"}
}
