TN:
SF:functions/functions.js
FN:1,onlyReturnWhenSumIsFive
FNF:1
FNH:1
FNDA:1,onlyReturnWhenSumIsFive
DA:2,1
DA:3,1
DA:4,0
DA:7,1
LF:4
LH:3
BRDA:2,0,0,1
BRDA:2,0,1,0
BRF:2
BRH:1
end_of_record
TN:
SF:functions/mathsFunctions.js
FN:9,addNumbers
FN:16,subtractNumbers
FN:23,multiplyNumbers
FN:30,divideNumbers
FNF:4
FNH:4
FNDA:1,addNumbers
FNDA:1,subtractNumbers
FNDA:1,multiplyNumbers
FNDA:1,divideNumbers
DA:10,1
DA:17,1
DA:24,1
DA:31,1
DA:34,1
LF:5
LH:5
BRF:0
BRH:0
end_of_record
TN:
SF:functions/stringFunctions.js
FN:6,capitalizeString
FN:14,reverseString
FN:21,countVowels
FN:37,isPalindrome
FNF:4
FNH:4
FNDA:1,capitalizeString
FNDA:1,reverseString
FNDA:1,countVowels
FNDA:2,isPalindrome
DA:7,1
DA:8,1
DA:15,1
DA:22,1
DA:23,1
DA:25,1
DA:26,6
DA:27,2
DA:31,1
DA:38,2
DA:39,2
DA:41,2
DA:44,1
LF:13
LH:13
BRDA:26,0,0,2
BRDA:26,0,1,4
BRF:2
BRH:2
end_of_record
