TN:
SF:functions/functions.js
FN:1,onlyReturnWhenSumIsFive
FNF:1
FNH:1
FNDA:2,onlyReturnWhenSumIsFive
DA:2,2
DA:3,1
DA:4,1
DA:7,1
LF:4
LH:4
BRDA:2,0,0,1
BRDA:2,0,1,1
BRF:2
BRH:2
end_of_record
TN:
SF:functions/mathsFunctions.js
FN:6,addNumbers
FN:15,subtractNumbers
FN:24,multiplyNumbers
FN:33,divideNumbers
FNF:4
FNH:4
FNDA:1,addNumbers
FNDA:1,subtractNumbers
FNDA:2,multiplyNumbers
FNDA:1,divideNumbers
DA:8,1
DA:9,1
DA:17,1
DA:18,1
DA:26,2
DA:27,2
DA:35,1
DA:36,1
DA:39,1
LF:9
LH:9
BRF:0
BRH:0
end_of_record
TN:
SF:functions/stringFunctions.js
FN:5,capitalizeString
FN:13,reverseString
FN:21,countVowels
FN:31,isPalindrome
FNF:4
FNH:4
FNDA:2,capitalizeString
FNDA:2,reverseString
FNDA:3,countVowels
FNDA:4,isPalindrome
DA:7,2
DA:8,1
DA:15,2
DA:16,2
DA:23,3
DA:24,3
DA:25,3
DA:33,4
DA:34,4
DA:35,4
DA:38,1
LF:11
LH:11
BRDA:24,0,0,2
BRDA:24,0,1,1
BRDA:25,1,0,2
BRDA:25,1,1,1
BRF:4
BRH:4
end_of_record
